MagicBox/Temp/gradleOut/build/intermediates/proguard-rules/release/aapt_rules.txt
# view AndroidManifest.xml #generated:36
-keep class com.unity3d.player.UnityPlayerActivity { <init>(...); }