MagicBox/Temp/gradleOut/build/outputs/mapping/release/seeds.txt
ru.annathebest.magicbox.R$drawable: int app_banner
ru.annathebest.magicbox.R$drawable: int app_icon
ru.annathebest.magicbox.R$string: int app_name
ru.annathebest.magicbox.R$style: int UnityThemeSelector
...
com.unity3d.player.GoogleVrApi
com.unity3d.player.GoogleVrApi: java.util.concurrent.atomic.AtomicReference a
com.unity3d.player.GoogleVrApi: GoogleVrApi()
com.unity3d.player.GoogleVrApi: void a(com.unity3d.player.c)
com.unity3d.player.GoogleVrApi: void a()
com.unity3d.player.GoogleVrApi: com.unity3d.player.GoogleVrProxy b()
com.unity3d.player.GoogleVrApi: com.unity3d.player.GoogleVrVideo getGoogleVrVideo()
com.unity3d.player.GoogleVrApi: void <clinit>()
com.unity3d.player.GoogleVrProxy
com.unity3d.player.GoogleVrProxy: com.unity3d.player.m a
com.unity3d.player.GoogleVrProxy: boolean b
com.unity3d.player.GoogleVrProxy: boolean c
com.unity3d.player.GoogleVrProxy: android.content.Context d
com.unity3d.player.GoogleVrProxy: com.unity3d.player.c e
com.unity3d.player.GoogleVrProxy: java.lang.String f
com.unity3d.player.GoogleVrProxy: java.lang.Runnable g
com.unity3d.player.GoogleVrProxy: java.util.Vector h
com.unity3d.player.GoogleVrProxy: com.unity3d.player.GoogleVrProxy$a i
com.unity3d.player.GoogleVrProxy: java.lang.Thread j
com.unity3d.player.GoogleVrProxy: android.os.Handler k
com.unity3d.player.GoogleVrProxy: GoogleVrProxy(com.unity3d.player.c)
com.unity3d.player.GoogleVrProxy: void a(boolean)
com.unity3d.player.GoogleVrProxy: boolean d()
com.unity3d.player.GoogleVrProxy: boolean a()
com.unity3d.player.GoogleVrProxy: void a(android.content.Intent)
com.unity3d.player.GoogleVrProxy: void b()
com.unity3d.player.GoogleVrProxy: void pauseGvrLayout()
com.unity3d.player.GoogleVrProxy: void c()
com.unity3d.player.GoogleVrProxy: void resumeGvrLayout()
com.unity3d.player.GoogleVrProxy: void a(java.lang.Runnable)
com.unity3d.player.GoogleVrProxy: boolean b(java.lang.Runnable)
com.unity3d.player.GoogleVrProxy: boolean a(android.app.Activity,android.content.Context,android.view.SurfaceView,java.lang.Runnable)
com.unity3d.player.GoogleVrProxy: long loadGoogleVr(boolean,boolean,boolean,boolean,boolean)
com.unity3d.player.GoogleVrProxy$1
com.unity3d.player.GoogleVrProxy$1: com.unity3d.player.GoogleVrProxy a
com.unity3d.player.GoogleVrProxy$1: GoogleVrProxy$1(com.unity3d.player.GoogleVrProxy,android.os.Looper)
com.unity3d.player.GoogleVrProxy$1: void handleMessage(android.os.Message)
com.unity3d.player.GoogleVrProxy$2
com.unity3d.player.GoogleVrProxy$2: java.lang.Runnable a
com.unity3d.player.GoogleVrProxy$2: java.util.concurrent.Semaphore b
com.unity3d.player.GoogleVrProxy$2: com.unity3d.player.GoogleVrProxy c
com.unity3d.player.GoogleVrProxy$2: GoogleVrProxy$2(com.unity3d.player.GoogleVrProxy,java.lang.Runnable,java.util.concurrent.Semaphore)
com.unity3d.player.GoogleVrProxy$2: void run()
com.unity3d.player.GoogleVrProxy$3
com.unity3d.player.GoogleVrProxy$3: java.util.concurrent.atomic.AtomicLong a
com.unity3d.player.GoogleVrProxy$3: boolean b
com.unity3d.player.GoogleVrProxy$3: boolean c
com.unity3d.player.GoogleVrProxy$3: boolean d
com.unity3d.player.GoogleVrProxy$3: boolean e
com.unity3d.player.GoogleVrProxy$3: boolean f
com.unity3d.player.GoogleVrProxy$3: com.unity3d.player.GoogleVrProxy g
com.unity3d.player.GoogleVrProxy$3: GoogleVrProxy$3(com.unity3d.player.GoogleVrProxy,java.util.concurrent.atomic.AtomicLong,boolean,boolean,boolean,boolean,boolean)
com.unity3d.player.GoogleVrProxy$3: void run()
com.unity3d.player.GoogleVrProxy$4
com.unity3d.player.GoogleVrProxy$4: boolean a
com.unity3d.player.GoogleVrProxy$4: com.unity3d.player.GoogleVrProxy b
com.unity3d.player.GoogleVrProxy$4: GoogleVrProxy$4(com.unity3d.player.GoogleVrProxy,boolean)
com.unity3d.player.GoogleVrProxy$4: void run()
com.unity3d.player.GoogleVrProxy$5
com.unity3d.player.GoogleVrProxy$5: com.unity3d.player.GoogleVrProxy a
com.unity3d.player.GoogleVrProxy$5: GoogleVrProxy$5(com.unity3d.player.GoogleVrProxy)
com.unity3d.player.GoogleVrProxy$5: void run()