MagicBox/Temp/gradleOut/build/outputs/mapping/release/mapping.txt
com.unity3d.player.GoogleVrProxy$a -> com.unity3d.player.GoogleVrProxy$a:
    boolean a -> a
    boolean b -> b
    boolean c -> c
    boolean d -> d
    boolean e -> e
    boolean f -> f
    com.unity3d.player.GoogleVrProxy g -> g
    void <init>(com.unity3d.player.GoogleVrProxy) -> <init>
    boolean a() -> a
    void b() -> b
com.unity3d.player.GoogleVrVideo -> com.unity3d.player.GoogleVrVideo:
    void registerGoogleVrVideoListener(com.unity3d.player.GoogleVrVideo$GoogleVrVideoCallbacks) -> registerGoogleVrVideoListener
    void deregisterGoogleVrVideoListener(com.unity3d.player.GoogleVrVideo$GoogleVrVideoCallbacks) -> deregisterGoogleVrVideoListener
    void setVideoLocationTransform(float[]) -> setVideoLocationTransform
com.unity3d.player.GoogleVrVideo$GoogleVrVideoCallbacks -> com.unity3d.player.GoogleVrVideo$GoogleVrVideoCallbacks:
    void onSurfaceAvailable(android.view.Surface) -> onSurfaceAvailable
    void onSurfaceUnavailable() -> onSurfaceUnavailable
    void onFrameAvailable() -> onFrameAvailable
com.unity3d.player.NativeLoader -> com.unity3d.player.NativeLoader:
    boolean load(java.lang.String) -> load
    boolean unload() -> unload
com.unity3d.player.ReflectionHelper -> com.unity3d.player.ReflectionHelper:
    boolean LOG -> LOG
    boolean LOGV -> LOGV
    com.unity3d.player.ReflectionHelper$a[] a -> a
    void <init>() -> <init>
    boolean a(com.unity3d.player.ReflectionHelper$a) -> a
    void a(com.unity3d.player.ReflectionHelper$a,java.lang.reflect.Member) -> a
    java.lang.reflect.Constructor getConstructorID(java.lang.Class,java.lang.String) -> getConstructorID
    java.lang.reflect.Method getMethodID(java.lang.Class,java.lang.String,java.lang.String,boolean) -> getMethodID
    java.lang.reflect.Field getFieldID(java.lang.Class,java.lang.String,java.lang.String,boolean) -> getFieldID
    float a(java.lang.Class,java.lang.Class) -> a
    float a(java.lang.Class,java.lang.Class[],java.lang.Class[]) -> a
    java.lang.Class[] a(java.lang.String) -> a
    java.lang.Class a(java.lang.String,int[]) -> a
    java.lang.Object nativeProxyInvoke(int,java.lang.String,java.lang.Object[]) -> nativeProxyInvoke
    void nativeProxyFinalize(int) -> nativeProxyFinalize
    java.lang.Object newProxyInstance(int,java.lang.Class) -> newProxyInstance
    java.lang.Object newProxyInstance(int,java.lang.Class[]) -> newProxyInstance
    java.lang.Object a(int,java.lang.String,java.lang.Object[]) -> a
    void a(int) -> a
    void <clinit>() -> <clinit>
com.unity3d.player.ReflectionHelper$1 -> com.unity3d.player.ReflectionHelper$1:
    int a -> a
    java.lang.Class[] b -> b
    void <init>(int,java.lang.Class[]) -> <init>
    java.lang.Object invoke(java.lang.Object,java.lang.reflect.Method,java.lang.Object[]) -> invoke
    void finalize() -> finalize
com.unity3d.player.ReflectionHelper$a -> com.unity3d.player.ReflectionHelper$a:
    java.lang.Class b -> b
    java.lang.String c -> c
    java.lang.String d -> d
    int e -> e
    java.lang.reflect.Member a -> a
    void <init>(java.lang.Class,java.lang.String,java.lang.String) -> <init>
    int hashCode() -> hashCode
    boolean equals(java.lang.Object) -> equals
com.unity3d.player.TangoSupport -> com.unity3d.player.TangoSupport:
    android.app.Activity a -> a
    boolean c -> c
    android.content.ServiceConnection b -> b
    void tangoOnServiceConnected(android.os.IBinder) -> tangoOnServiceConnected
    void tangoOnStop() -> tangoOnStop
    void tangoOnCreate(android.app.Activity) -> tangoOnCreate
    void <init>(android.app.Activity) -> <init>
    void a() -> a
    void b() -> b
    void c() -> c
    void a(com.unity3d.player.TangoSupport,android.os.IBinder) -> a