MagicBox/Temp/gradleOut/build/outputs/mapping/release/usage.txt
ru.annathebest.magicbox.BuildConfig
ru.annathebest.magicbox.R
ru.annathebest.magicbox.R$attr
ru.annathebest.magicbox.R$drawable
ru.annathebest.magicbox.R$string
ru.annathebest.magicbox.R$style